[2024-10-03T06:52:43.223432+02:00] installer.INFO: Matched route "{route}". {"route":"installer_home","route_parameters":{"_controller":"OrangeHRM\\Installer\\Controller\\HomeController::handle","_route":"installer_home"},"request_uri":"http://localhost:9080/orangehrm-5.7/installer/index.php/","method":"GET"} []
[2024-10-03T06:52:43.386047+02:00] installer.INFO: Matched route "{route}". {"route":"installer_welcome","route_parameters":{"_controller":"OrangeHRM\\Installer\\Controller\\WelcomeController::handle","_route":"installer_welcome"},"request_uri":"http://localhost:9080/orangehrm-5.7/installer/index.php/welcome","method":"GET"} []
[2024-10-03T06:52:56.617076+02:00] installer.INFO: Matched route "{route}". {"route":"installer_licence_acceptance","route_parameters":{"_controller":"OrangeHRM\\Installer\\Controller\\Installer\\LicenceAcceptanceController::handle","_route":"installer_licence_acceptance"},"request_uri":"http://localhost:9080/orangehrm-5.7/installer/index.php/installer/licence-acceptance","method":"GET"} []
[2024-10-03T06:53:02.080240+02:00] installer.INFO: Matched route "{route}". {"route":"installer_database_config","route_parameters":{"_controller":"OrangeHRM\\Installer\\Controller\\Installer\\DatabaseConfigController::handle","_route":"installer_database_config"},"request_uri":"http://localhost:9080/orangehrm-5.7/installer/index.php/installer/database-config","method":"GET"} []
[2024-10-03T06:53:02.925194+02:00] installer.INFO: Matched route "{route}". {"route":"api_installer_database_config","route_parameters":{"_controller":"OrangeHRM\\Installer\\Controller\\Installer\\Api\\DatabaseConfigAPI::handle","_route":"api_installer_database_config"},"request_uri":"http://localhost:9080/orangehrm-5.7/installer/index.php/installer/api/database-config","method":"GET"} []
[2024-10-03T08:09:01.334579+02:00] installer.INFO: Matched route "{route}". {"route":"api_installer_database_config","route_parameters":{"_controller":"OrangeHRM\\Installer\\Controller\\Installer\\Api\\DatabaseConfigAPI::handle","_route":"api_installer_database_config"},"request_uri":"http://localhost:9080/orangehrm-5.7/installer/index.php/installer/api/database-config","method":"POST"} []
[2024-10-03T08:09:01.732519+02:00] installer.INFO: Matched route "{route}". {"route":"installer_system_check","route_parameters":{"_controller":"OrangeHRM\\Installer\\Controller\\Installer\\SystemCheckController::handle","_route":"installer_system_check"},"request_uri":"http://localhost:9080/orangehrm-5.7/installer/index.php/installer/system-check","method":"GET"} []
[2024-10-03T08:09:02.981442+02:00] installer.INFO: Matched route "{route}". {"route":"api_installer_system_check","route_parameters":{"_controller":"OrangeHRM\\Installer\\Controller\\Installer\\Api\\SystemCheckAPI::handle","_route":"api_installer_system_check"},"request_uri":"http://localhost:9080/orangehrm-5.7/installer/index.php/installer/api/system-check","method":"GET"} []
[2024-10-03T08:09:19.387404+02:00] installer.INFO: Matched route "{route}". {"route":"api_installer_system_check","route_parameters":{"_controller":"OrangeHRM\\Installer\\Controller\\Installer\\Api\\SystemCheckAPI::handle","_route":"api_installer_system_check"},"request_uri":"http://localhost:9080/orangehrm-5.7/installer/index.php/installer/api/system-check","method":"GET"} []
[2024-10-03T08:13:14.025501+02:00] installer.INFO: Matched route "{route}". {"route":"api_installer_system_check","route_parameters":{"_controller":"OrangeHRM\\Installer\\Controller\\Installer\\Api\\SystemCheckAPI::handle","_route":"api_installer_system_check"},"request_uri":"http://localhost:9080/orangehrm-5.7/installer/index.php/installer/api/system-check","method":"GET"} []
[2024-10-03T08:13:15.025992+02:00] installer.INFO: Matched route "{route}". {"route":"api_installer_system_check","route_parameters":{"_controller":"OrangeHRM\\Installer\\Controller\\Installer\\Api\\SystemCheckAPI::handle","_route":"api_installer_system_check"},"request_uri":"http://localhost:9080/orangehrm-5.7/installer/index.php/installer/api/system-check","method":"GET"} []
[2024-10-03T08:13:16.098806+02:00] installer.INFO: Matched route "{route}". {"route":"api_installer_system_check","route_parameters":{"_controller":"OrangeHRM\\Installer\\Controller\\Installer\\Api\\SystemCheckAPI::handle","_route":"api_installer_system_check"},"request_uri":"http://localhost:9080/orangehrm-5.7/installer/index.php/installer/api/system-check","method":"GET"} []
[2024-10-03T08:27:58.552487+02:00] installer.INFO: Matched route "{route}". {"route":"installer_system_check","route_parameters":{"_controller":"OrangeHRM\\Installer\\Controller\\Installer\\SystemCheckController::handle","_route":"installer_system_check"},"request_uri":"http://localhost:9080/orangehrm-5.7/installer/index.php/installer/system-check","method":"GET"} []
[2024-10-03T08:27:59.781446+02:00] installer.INFO: Matched route "{route}". {"route":"api_installer_system_check","route_parameters":{"_controller":"OrangeHRM\\Installer\\Controller\\Installer\\Api\\SystemCheckAPI::handle","_route":"api_installer_system_check"},"request_uri":"http://localhost:9080/orangehrm-5.7/installer/index.php/installer/api/system-check","method":"GET"} []
[2024-10-03T08:28:03.010565+02:00] installer.INFO: Matched route "{route}". {"route":"api_installer_system_check","route_parameters":{"_controller":"OrangeHRM\\Installer\\Controller\\Installer\\Api\\SystemCheckAPI::handle","_route":"api_installer_system_check"},"request_uri":"http://localhost:9080/orangehrm-5.7/installer/index.php/installer/api/system-check","method":"GET"} []
[2024-10-03T08:28:04.069717+02:00] installer.INFO: Matched route "{route}". {"route":"api_installer_system_check","route_parameters":{"_controller":"OrangeHRM\\Installer\\Controller\\Installer\\Api\\SystemCheckAPI::handle","_route":"api_installer_system_check"},"request_uri":"http://localhost:9080/orangehrm-5.7/installer/index.php/installer/api/system-check","method":"GET"} []
[2024-10-03T08:28:10.398593+02:00] installer.INFO: Matched route "{route}". {"route":"api_installer_system_check","route_parameters":{"_controller":"OrangeHRM\\Installer\\Controller\\Installer\\Api\\SystemCheckAPI::handle","_route":"api_installer_system_check"},"request_uri":"http://localhost:9080/orangehrm-5.7/installer/index.php/installer/api/system-check","method":"GET"} []
[2024-10-03T08:28:26.072802+02:00] installer.INFO: Matched route "{route}". {"route":"api_installer_system_check","route_parameters":{"_controller":"OrangeHRM\\Installer\\Controller\\Installer\\Api\\SystemCheckAPI::handle","_route":"api_installer_system_check"},"request_uri":"http://localhost:9080/orangehrm-5.7/installer/index.php/installer/api/system-check","method":"GET"} []
[2024-10-03T08:28:31.149494+02:00] installer.INFO: Matched route "{route}". {"route":"installer_instance_creation","route_parameters":{"_controller":"OrangeHRM\\Installer\\Controller\\Installer\\InstanceCreationController::handle","_route":"installer_instance_creation"},"request_uri":"http://localhost:9080/orangehrm-5.7/installer/index.php/installer/instance-creation","method":"GET"} []
[2024-10-03T08:28:31.909855+02:00] installer.INFO: Matched route "{route}". {"route":"api_installer_countries","route_parameters":{"_controller":"OrangeHRM\\Installer\\Controller\\Installer\\Api\\CountryAPI::handle","_route":"api_installer_countries"},"request_uri":"http://localhost:9080/orangehrm-5.7/installer/index.php/installer/api/countries","method":"GET"} []
[2024-10-03T08:28:32.170456+02:00] installer.INFO: Matched route "{route}". {"route":"api_installer_languages","route_parameters":{"_controller":"OrangeHRM\\Installer\\Controller\\Installer\\Api\\LanguageAPI::handle","_route":"api_installer_languages"},"request_uri":"http://localhost:9080/orangehrm-5.7/installer/index.php/installer/api/languages","method":"GET"} []
[2024-10-03T08:28:32.401004+02:00] installer.INFO: Matched route "{route}". {"route":"api_installer_timezones","route_parameters":{"_controller":"OrangeHRM\\Installer\\Controller\\Installer\\Api\\TimezoneAPI::handle","_route":"api_installer_timezones"},"request_uri":"http://localhost:9080/orangehrm-5.7/installer/index.php/installer/api/timezones","method":"GET"} []
[2024-10-03T08:28:32.571092+02:00] installer.INFO: Matched route "{route}". {"route":"api_installer_instance","route_parameters":{"_controller":"OrangeHRM\\Installer\\Controller\\Installer\\Api\\InstanceAPI::handle","_route":"api_installer_instance"},"request_uri":"http://localhost:9080/orangehrm-5.7/installer/index.php/installer/api/instance","method":"GET"} []
[2024-10-03T08:29:01.221431+02:00] installer.INFO: Matched route "{route}". {"route":"api_installer_instance","route_parameters":{"_controller":"OrangeHRM\\Installer\\Controller\\Installer\\Api\\InstanceAPI::handle","_route":"api_installer_instance"},"request_uri":"http://localhost:9080/orangehrm-5.7/installer/index.php/installer/api/instance","method":"POST"} []
[2024-10-03T08:29:01.395522+02:00] installer.INFO: Matched route "{route}". {"route":"installer_admin_user_creation","route_parameters":{"_controller":"OrangeHRM\\Installer\\Controller\\Installer\\AdminUserCreationController::handle","_route":"installer_admin_user_creation"},"request_uri":"http://localhost:9080/orangehrm-5.7/installer/index.php/installer/admin-user-creation","method":"GET"} []
[2024-10-03T08:29:02.195198+02:00] installer.INFO: Matched route "{route}". {"route":"api_installer_admin_user","route_parameters":{"_controller":"OrangeHRM\\Installer\\Controller\\Installer\\Api\\AdminUserAPI::handle","_route":"api_installer_admin_user"},"request_uri":"http://localhost:9080/orangehrm-5.7/installer/index.php/installer/api/admin-user","method":"GET"} []
[2024-10-03T08:29:54.544974+02:00] installer.INFO: Matched route "{route}". {"route":"api_installer_admin_user","route_parameters":{"_controller":"OrangeHRM\\Installer\\Controller\\Installer\\Api\\AdminUserAPI::handle","_route":"api_installer_admin_user"},"request_uri":"http://localhost:9080/orangehrm-5.7/installer/index.php/installer/api/admin-user","method":"POST"} []
[2024-10-03T08:29:54.731851+02:00] installer.INFO: Matched route "{route}". {"route":"installer_confirmation","route_parameters":{"_controller":"OrangeHRM\\Installer\\Controller\\Installer\\ConfirmationController::handle","_route":"installer_confirmation"},"request_uri":"http://localhost:9080/orangehrm-5.7/installer/index.php/installer/confirmation","method":"GET"} []
[2024-10-03T08:29:55.569220+02:00] installer.INFO: Matched route "{route}". {"route":"api_installer_database_config","route_parameters":{"_controller":"OrangeHRM\\Installer\\Controller\\Installer\\Api\\DatabaseConfigAPI::handle","_route":"api_installer_database_config"},"request_uri":"http://localhost:9080/orangehrm-5.7/installer/index.php/installer/api/database-config","method":"GET"} []
[2024-10-03T08:29:55.760624+02:00] installer.INFO: Matched route "{route}". {"route":"api_installer_admin_user","route_parameters":{"_controller":"OrangeHRM\\Installer\\Controller\\Installer\\Api\\AdminUserAPI::handle","_route":"api_installer_admin_user"},"request_uri":"http://localhost:9080/orangehrm-5.7/installer/index.php/installer/api/admin-user","method":"GET"} []
[2024-10-03T08:30:05.407523+02:00] installer.INFO: Matched route "{route}". {"route":"installer_process","route_parameters":{"_controller":"OrangeHRM\\Installer\\Controller\\Installer\\InstallerController::handle","_route":"installer_process"},"request_uri":"http://localhost:9080/orangehrm-5.7/installer/index.php/installer/process","method":"GET"} []
[2024-10-03T08:30:06.166771+02:00] installer.INFO: Matched route "{route}". {"route":"api_installer_start_registration","route_parameters":{"_controller":"OrangeHRM\\Installer\\Controller\\Installer\\Api\\InstallerDataRegistrationAPI::handle","_route":"api_installer_start_registration"},"request_uri":"http://localhost:9080/orangehrm-5.7/installer/index.php/installer/api/send-data/installer-start","method":"POST"} []
[2024-10-03T08:30:08.203217+02:00] installer.INFO: Matched route "{route}". {"route":"api_installer_database","route_parameters":{"_controller":"OrangeHRM\\Installer\\Controller\\Installer\\Api\\InstallationDatabaseAPI::handle","_route":"api_installer_database"},"request_uri":"http://localhost:9080/orangehrm-5.7/installer/index.php/installer/api/installation/database","method":"POST"} []
[2024-10-03T08:30:08.443223+02:00] installer.INFO: Matched route "{route}". {"route":"api_installer_pre_migration_check","route_parameters":{"_controller":"OrangeHRM\\Installer\\Controller\\Installer\\Api\\PreMigrationCheck::handle","_route":"api_installer_pre_migration_check"},"request_uri":"http://localhost:9080/orangehrm-5.7/installer/index.php/installer/api/installation/pre-migration","method":"POST"} []
[2024-10-03T08:30:08.496470+02:00] installer.INFO: Instance details: {"os":{"os":"Windows NT","release_name":"10.0","version_info":"build 19045 (Windows 10)"},"php":{"version":"8.2.12"},"mysql":{"client_version":"mysqlnd 8.2.12","server_version":"10.4.32-MariaDB","conn_type":"localhost via TCP\/IP"},"server":"Apache\/2.4.58 (Win64) OpenSSL\/3.1.3 PHP\/8.2.12","ohrm":{"version":"5.7"}} [] []
[2024-10-03T08:30:08.927167+02:00] installer.INFO: Matched route "{route}". {"route":"api_installer_versions","route_parameters":{"_controller":"OrangeHRM\\Installer\\Controller\\Installer\\Api\\VersionAPI::handle","_route":"api_installer_versions"},"request_uri":"http://localhost:9080/orangehrm-5.7/installer/index.php/installer/api/versions?excludeLatest=false","method":"GET"} []
[2024-10-03T08:30:09.077373+02:00] installer.INFO: Matched route "{route}". {"route":"api_installer_migration","route_parameters":{"_controller":"OrangeHRM\\Installer\\Controller\\Installer\\Api\\MigrationAPI::handle","_route":"api_installer_migration"},"request_uri":"http://localhost:9080/orangehrm-5.7/installer/index.php/installer/api/installation/migration","method":"POST"} []
[2024-10-03T08:30:09.090009+02:00] installer.INFO: {"version":"3.3.3"} [] []
[2024-10-03T08:30:09.137515+02:00] installer.INFO: Instance details: {"os":{"os":"Windows NT","release_name":"10.0","version_info":"build 19045 (Windows 10)"},"php":{"version":"8.2.12"},"mysql":{"client_version":"mysqlnd 8.2.12","server_version":"10.4.32-MariaDB","conn_type":"localhost via TCP\/IP"},"server":"Apache\/2.4.58 (Win64) OpenSSL\/3.1.3 PHP\/8.2.12","ohrm":{"version":"5.7"}} [] []
[2024-10-03T08:30:09.173131+02:00] installer.INFO: set_time_limit: success [] []
[2024-10-03T08:30:18.942405+02:00] installer.INFO: Matched route "{route}". {"route":"api_installer_migration","route_parameters":{"_controller":"OrangeHRM\\Installer\\Controller\\Installer\\Api\\MigrationAPI::handle","_route":"api_installer_migration"},"request_uri":"http://localhost:9080/orangehrm-5.7/installer/index.php/installer/api/installation/migration","method":"POST"} []
[2024-10-03T08:30:18.958972+02:00] installer.INFO: {"version":"4.0"} [] []
[2024-10-03T08:30:19.022151+02:00] installer.INFO: Instance details: {"os":{"os":"Windows NT","release_name":"10.0","version_info":"build 19045 (Windows 10)"},"php":{"version":"8.2.12"},"mysql":{"client_version":"mysqlnd 8.2.12","server_version":"10.4.32-MariaDB","conn_type":"localhost via TCP\/IP"},"server":"Apache\/2.4.58 (Win64) OpenSSL\/3.1.3 PHP\/8.2.12","ohrm":{"version":"5.7"}} [] []
[2024-10-03T08:30:19.040670+02:00] installer.INFO: set_time_limit: success [] []
[2024-10-03T08:30:19.311066+02:00] installer.INFO: Matched route "{route}". {"route":"api_installer_migration","route_parameters":{"_controller":"OrangeHRM\\Installer\\Controller\\Installer\\Api\\MigrationAPI::handle","_route":"api_installer_migration"},"request_uri":"http://localhost:9080/orangehrm-5.7/installer/index.php/installer/api/installation/migration","method":"POST"} []
[2024-10-03T08:30:19.324780+02:00] installer.INFO: {"version":"4.1"} [] []
[2024-10-03T08:30:19.371934+02:00] installer.INFO: Instance details: {"os":{"os":"Windows NT","release_name":"10.0","version_info":"build 19045 (Windows 10)"},"php":{"version":"8.2.12"},"mysql":{"client_version":"mysqlnd 8.2.12","server_version":"10.4.32-MariaDB","conn_type":"localhost via TCP\/IP"},"server":"Apache\/2.4.58 (Win64) OpenSSL\/3.1.3 PHP\/8.2.12","ohrm":{"version":"5.7"}} [] []
[2024-10-03T08:30:19.388682+02:00] installer.INFO: set_time_limit: success [] []
[2024-10-03T08:30:19.858708+02:00] installer.INFO: Matched route "{route}". {"route":"api_installer_migration","route_parameters":{"_controller":"OrangeHRM\\Installer\\Controller\\Installer\\Api\\MigrationAPI::handle","_route":"api_installer_migration"},"request_uri":"http://localhost:9080/orangehrm-5.7/installer/index.php/installer/api/installation/migration","method":"POST"} []
[2024-10-03T08:30:19.870639+02:00] installer.INFO: {"version":"4.1.1"} [] []
[2024-10-03T08:30:19.914899+02:00] installer.INFO: Instance details: {"os":{"os":"Windows NT","release_name":"10.0","version_info":"build 19045 (Windows 10)"},"php":{"version":"8.2.12"},"mysql":{"client_version":"mysqlnd 8.2.12","server_version":"10.4.32-MariaDB","conn_type":"localhost via TCP\/IP"},"server":"Apache\/2.4.58 (Win64) OpenSSL\/3.1.3 PHP\/8.2.12","ohrm":{"version":"5.7"}} [] []
[2024-10-03T08:30:19.928566+02:00] installer.INFO: set_time_limit: success [] []
[2024-10-03T08:30:20.344992+02:00] installer.INFO: Matched route "{route}". {"route":"api_installer_migration","route_parameters":{"_controller":"OrangeHRM\\Installer\\Controller\\Installer\\Api\\MigrationAPI::handle","_route":"api_installer_migration"},"request_uri":"http://localhost:9080/orangehrm-5.7/installer/index.php/installer/api/installation/migration","method":"POST"} []
[2024-10-03T08:30:20.357656+02:00] installer.INFO: {"version":"4.1.2"} [] []
[2024-10-03T08:30:20.404416+02:00] installer.INFO: Instance details: {"os":{"os":"Windows NT","release_name":"10.0","version_info":"build 19045 (Windows 10)"},"php":{"version":"8.2.12"},"mysql":{"client_version":"mysqlnd 8.2.12","server_version":"10.4.32-MariaDB","conn_type":"localhost via TCP\/IP"},"server":"Apache\/2.4.58 (Win64) OpenSSL\/3.1.3 PHP\/8.2.12","ohrm":{"version":"5.7"}} [] []
[2024-10-03T08:30:20.419243+02:00] installer.INFO: set_time_limit: success [] []
[2024-10-03T08:30:20.643136+02:00] installer.INFO: Matched route "{route}". {"route":"api_installer_migration","route_parameters":{"_controller":"OrangeHRM\\Installer\\Controller\\Installer\\Api\\MigrationAPI::handle","_route":"api_installer_migration"},"request_uri":"http://localhost:9080/orangehrm-5.7/installer/index.php/installer/api/installation/migration","method":"POST"} []
[2024-10-03T08:30:20.657623+02:00] installer.INFO: {"version":"4.1.2.1"} [] []
[2024-10-03T08:30:20.704064+02:00] installer.INFO: Instance details: {"os":{"os":"Windows NT","release_name":"10.0","version_info":"build 19045 (Windows 10)"},"php":{"version":"8.2.12"},"mysql":{"client_version":"mysqlnd 8.2.12","server_version":"10.4.32-MariaDB","conn_type":"localhost via TCP\/IP"},"server":"Apache\/2.4.58 (Win64) OpenSSL\/3.1.3 PHP\/8.2.12","ohrm":{"version":"5.7"}} [] []
[2024-10-03T08:30:20.718517+02:00] installer.INFO: set_time_limit: success [] []
[2024-10-03T08:30:20.917147+02:00] installer.INFO: Matched route "{route}". {"route":"api_installer_migration","route_parameters":{"_controller":"OrangeHRM\\Installer\\Controller\\Installer\\Api\\MigrationAPI::handle","_route":"api_installer_migration"},"request_uri":"http://localhost:9080/orangehrm-5.7/installer/index.php/installer/api/installation/migration","method":"POST"} []
[2024-10-03T08:30:20.928484+02:00] installer.INFO: {"version":"4.2"} [] []
[2024-10-03T08:30:20.971430+02:00] installer.INFO: Instance details: {"os":{"os":"Windows NT","release_name":"10.0","version_info":"build 19045 (Windows 10)"},"php":{"version":"8.2.12"},"mysql":{"client_version":"mysqlnd 8.2.12","server_version":"10.4.32-MariaDB","conn_type":"localhost via TCP\/IP"},"server":"Apache\/2.4.58 (Win64) OpenSSL\/3.1.3 PHP\/8.2.12","ohrm":{"version":"5.7"}} [] []
[2024-10-03T08:30:20.986660+02:00] installer.INFO: set_time_limit: success [] []
[2024-10-03T08:30:21.259797+02:00] installer.INFO: Matched route "{route}". {"route":"api_installer_migration","route_parameters":{"_controller":"OrangeHRM\\Installer\\Controller\\Installer\\Api\\MigrationAPI::handle","_route":"api_installer_migration"},"request_uri":"http://localhost:9080/orangehrm-5.7/installer/index.php/installer/api/installation/migration","method":"POST"} []
[2024-10-03T08:30:21.274672+02:00] installer.INFO: {"version":"4.2.0.1"} [] []
[2024-10-03T08:30:21.333470+02:00] installer.INFO: Instance details: {"os":{"os":"Windows NT","release_name":"10.0","version_info":"build 19045 (Windows 10)"},"php":{"version":"8.2.12"},"mysql":{"client_version":"mysqlnd 8.2.12","server_version":"10.4.32-MariaDB","conn_type":"localhost via TCP\/IP"},"server":"Apache\/2.4.58 (Win64) OpenSSL\/3.1.3 PHP\/8.2.12","ohrm":{"version":"5.7"}} [] []
[2024-10-03T08:30:21.348349+02:00] installer.INFO: set_time_limit: success [] []
[2024-10-03T08:30:21.587165+02:00] installer.INFO: Matched route "{route}". {"route":"api_installer_migration","route_parameters":{"_controller":"OrangeHRM\\Installer\\Controller\\Installer\\Api\\MigrationAPI::handle","_route":"api_installer_migration"},"request_uri":"http://localhost:9080/orangehrm-5.7/installer/index.php/installer/api/installation/migration","method":"POST"} []
[2024-10-03T08:30:21.600128+02:00] installer.INFO: {"version":"4.3"} [] []
[2024-10-03T08:30:21.645426+02:00] installer.INFO: Instance details: {"os":{"os":"Windows NT","release_name":"10.0","version_info":"build 19045 (Windows 10)"},"php":{"version":"8.2.12"},"mysql":{"client_version":"mysqlnd 8.2.12","server_version":"10.4.32-MariaDB","conn_type":"localhost via TCP\/IP"},"server":"Apache\/2.4.58 (Win64) OpenSSL\/3.1.3 PHP\/8.2.12","ohrm":{"version":"5.7"}} [] []
[2024-10-03T08:30:21.660068+02:00] installer.INFO: set_time_limit: success [] []
[2024-10-03T08:30:21.909931+02:00] installer.INFO: Matched route "{route}". {"route":"api_installer_migration","route_parameters":{"_controller":"OrangeHRM\\Installer\\Controller\\Installer\\Api\\MigrationAPI::handle","_route":"api_installer_migration"},"request_uri":"http://localhost:9080/orangehrm-5.7/installer/index.php/installer/api/installation/migration","method":"POST"} []
[2024-10-03T08:30:21.923779+02:00] installer.INFO: {"version":"4.3.1"} [] []
[2024-10-03T08:30:21.968184+02:00] installer.INFO: Instance details: {"os":{"os":"Windows NT","release_name":"10.0","version_info":"build 19045 (Windows 10)"},"php":{"version":"8.2.12"},"mysql":{"client_version":"mysqlnd 8.2.12","server_version":"10.4.32-MariaDB","conn_type":"localhost via TCP\/IP"},"server":"Apache\/2.4.58 (Win64) OpenSSL\/3.1.3 PHP\/8.2.12","ohrm":{"version":"5.7"}} [] []
[2024-10-03T08:30:21.984742+02:00] installer.INFO: set_time_limit: success [] []
[2024-10-03T08:30:22.220156+02:00] installer.INFO: Matched route "{route}". {"route":"api_installer_migration","route_parameters":{"_controller":"OrangeHRM\\Installer\\Controller\\Installer\\Api\\MigrationAPI::handle","_route":"api_installer_migration"},"request_uri":"http://localhost:9080/orangehrm-5.7/installer/index.php/installer/api/installation/migration","method":"POST"} []
[2024-10-03T08:30:22.238752+02:00] installer.INFO: {"version":"4.3.2"} [] []
[2024-10-03T08:30:22.287717+02:00] installer.INFO: Instance details: {"os":{"os":"Windows NT","release_name":"10.0","version_info":"build 19045 (Windows 10)"},"php":{"version":"8.2.12"},"mysql":{"client_version":"mysqlnd 8.2.12","server_version":"10.4.32-MariaDB","conn_type":"localhost via TCP\/IP"},"server":"Apache\/2.4.58 (Win64) OpenSSL\/3.1.3 PHP\/8.2.12","ohrm":{"version":"5.7"}} [] []
[2024-10-03T08:30:22.303531+02:00] installer.INFO: set_time_limit: success [] []
[2024-10-03T08:30:22.657230+02:00] installer.INFO: Matched route "{route}". {"route":"api_installer_migration","route_parameters":{"_controller":"OrangeHRM\\Installer\\Controller\\Installer\\Api\\MigrationAPI::handle","_route":"api_installer_migration"},"request_uri":"http://localhost:9080/orangehrm-5.7/installer/index.php/installer/api/installation/migration","method":"POST"} []
[2024-10-03T08:30:22.669751+02:00] installer.INFO: {"version":"4.3.3"} [] []
[2024-10-03T08:30:22.716737+02:00] installer.INFO: Instance details: {"os":{"os":"Windows NT","release_name":"10.0","version_info":"build 19045 (Windows 10)"},"php":{"version":"8.2.12"},"mysql":{"client_version":"mysqlnd 8.2.12","server_version":"10.4.32-MariaDB","conn_type":"localhost via TCP\/IP"},"server":"Apache\/2.4.58 (Win64) OpenSSL\/3.1.3 PHP\/8.2.12","ohrm":{"version":"5.7"}} [] []
[2024-10-03T08:30:22.730607+02:00] installer.INFO: set_time_limit: success [] []
[2024-10-03T08:30:26.654822+02:00] installer.INFO: Matched route "{route}". {"route":"api_installer_migration","route_parameters":{"_controller":"OrangeHRM\\Installer\\Controller\\Installer\\Api\\MigrationAPI::handle","_route":"api_installer_migration"},"request_uri":"http://localhost:9080/orangehrm-5.7/installer/index.php/installer/api/installation/migration","method":"POST"} []
[2024-10-03T08:30:26.668503+02:00] installer.INFO: {"version":"4.3.4"} [] []
[2024-10-03T08:30:26.725639+02:00] installer.INFO: Instance details: {"os":{"os":"Windows NT","release_name":"10.0","version_info":"build 19045 (Windows 10)"},"php":{"version":"8.2.12"},"mysql":{"client_version":"mysqlnd 8.2.12","server_version":"10.4.32-MariaDB","conn_type":"localhost via TCP\/IP"},"server":"Apache\/2.4.58 (Win64) OpenSSL\/3.1.3 PHP\/8.2.12","ohrm":{"version":"5.7"}} [] []
[2024-10-03T08:30:26.744268+02:00] installer.INFO: set_time_limit: success [] []
[2024-10-03T08:30:27.027943+02:00] installer.INFO: Matched route "{route}". {"route":"api_installer_migration","route_parameters":{"_controller":"OrangeHRM\\Installer\\Controller\\Installer\\Api\\MigrationAPI::handle","_route":"api_installer_migration"},"request_uri":"http://localhost:9080/orangehrm-5.7/installer/index.php/installer/api/installation/migration","method":"POST"} []
[2024-10-03T08:30:27.042169+02:00] installer.INFO: {"version":"4.3.5"} [] []
[2024-10-03T08:30:27.085121+02:00] installer.INFO: Instance details: {"os":{"os":"Windows NT","release_name":"10.0","version_info":"build 19045 (Windows 10)"},"php":{"version":"8.2.12"},"mysql":{"client_version":"mysqlnd 8.2.12","server_version":"10.4.32-MariaDB","conn_type":"localhost via TCP\/IP"},"server":"Apache\/2.4.58 (Win64) OpenSSL\/3.1.3 PHP\/8.2.12","ohrm":{"version":"5.7"}} [] []
[2024-10-03T08:30:27.102596+02:00] installer.INFO: set_time_limit: success [] []
[2024-10-03T08:30:27.362639+02:00] installer.INFO: Matched route "{route}". {"route":"api_installer_migration","route_parameters":{"_controller":"OrangeHRM\\Installer\\Controller\\Installer\\Api\\MigrationAPI::handle","_route":"api_installer_migration"},"request_uri":"http://localhost:9080/orangehrm-5.7/installer/index.php/installer/api/installation/migration","method":"POST"} []
[2024-10-03T08:30:27.375680+02:00] installer.INFO: {"version":"4.4"} [] []
[2024-10-03T08:30:27.422867+02:00] installer.INFO: Instance details: {"os":{"os":"Windows NT","release_name":"10.0","version_info":"build 19045 (Windows 10)"},"php":{"version":"8.2.12"},"mysql":{"client_version":"mysqlnd 8.2.12","server_version":"10.4.32-MariaDB","conn_type":"localhost via TCP\/IP"},"server":"Apache\/2.4.58 (Win64) OpenSSL\/3.1.3 PHP\/8.2.12","ohrm":{"version":"5.7"}} [] []
[2024-10-03T08:30:27.438166+02:00] installer.INFO: set_time_limit: success [] []
[2024-10-03T08:30:28.779736+02:00] installer.INFO: Matched route "{route}". {"route":"api_installer_migration","route_parameters":{"_controller":"OrangeHRM\\Installer\\Controller\\Installer\\Api\\MigrationAPI::handle","_route":"api_installer_migration"},"request_uri":"http://localhost:9080/orangehrm-5.7/installer/index.php/installer/api/installation/migration","method":"POST"} []
[2024-10-03T08:30:28.791515+02:00] installer.INFO: {"version":"4.5"} [] []
[2024-10-03T08:30:28.840632+02:00] installer.INFO: Instance details: {"os":{"os":"Windows NT","release_name":"10.0","version_info":"build 19045 (Windows 10)"},"php":{"version":"8.2.12"},"mysql":{"client_version":"mysqlnd 8.2.12","server_version":"10.4.32-MariaDB","conn_type":"localhost via TCP\/IP"},"server":"Apache\/2.4.58 (Win64) OpenSSL\/3.1.3 PHP\/8.2.12","ohrm":{"version":"5.7"}} [] []
[2024-10-03T08:30:28.854465+02:00] installer.INFO: set_time_limit: success [] []
[2024-10-03T08:30:29.146978+02:00] installer.INFO: Matched route "{route}". {"route":"api_installer_migration","route_parameters":{"_controller":"OrangeHRM\\Installer\\Controller\\Installer\\Api\\MigrationAPI::handle","_route":"api_installer_migration"},"request_uri":"http://localhost:9080/orangehrm-5.7/installer/index.php/installer/api/installation/migration","method":"POST"} []
[2024-10-03T08:30:29.159185+02:00] installer.INFO: {"version":"4.6"} [] []
[2024-10-03T08:30:29.201433+02:00] installer.INFO: Instance details: {"os":{"os":"Windows NT","release_name":"10.0","version_info":"build 19045 (Windows 10)"},"php":{"version":"8.2.12"},"mysql":{"client_version":"mysqlnd 8.2.12","server_version":"10.4.32-MariaDB","conn_type":"localhost via TCP\/IP"},"server":"Apache\/2.4.58 (Win64) OpenSSL\/3.1.3 PHP\/8.2.12","ohrm":{"version":"5.7"}} [] []
[2024-10-03T08:30:29.215539+02:00] installer.INFO: set_time_limit: success [] []
[2024-10-03T08:30:30.543319+02:00] installer.INFO: Matched route "{route}". {"route":"api_installer_migration","route_parameters":{"_controller":"OrangeHRM\\Installer\\Controller\\Installer\\Api\\MigrationAPI::handle","_route":"api_installer_migration"},"request_uri":"http://localhost:9080/orangehrm-5.7/installer/index.php/installer/api/installation/migration","method":"POST"} []
[2024-10-03T08:30:30.554455+02:00] installer.INFO: {"version":"4.6.0.1"} [] []
[2024-10-03T08:30:30.611481+02:00] installer.INFO: Instance details: {"os":{"os":"Windows NT","release_name":"10.0","version_info":"build 19045 (Windows 10)"},"php":{"version":"8.2.12"},"mysql":{"client_version":"mysqlnd 8.2.12","server_version":"10.4.32-MariaDB","conn_type":"localhost via TCP\/IP"},"server":"Apache\/2.4.58 (Win64) OpenSSL\/3.1.3 PHP\/8.2.12","ohrm":{"version":"5.7"}} [] []
[2024-10-03T08:30:30.630666+02:00] installer.INFO: set_time_limit: success [] []
[2024-10-03T08:30:30.955024+02:00] installer.INFO: Matched route "{route}". {"route":"api_installer_migration","route_parameters":{"_controller":"OrangeHRM\\Installer\\Controller\\Installer\\Api\\MigrationAPI::handle","_route":"api_installer_migration"},"request_uri":"http://localhost:9080/orangehrm-5.7/installer/index.php/installer/api/installation/migration","method":"POST"} []
[2024-10-03T08:30:30.974232+02:00] installer.INFO: {"version":"4.7"} [] []
[2024-10-03T08:30:31.038355+02:00] installer.INFO: Instance details: {"os":{"os":"Windows NT","release_name":"10.0","version_info":"build 19045 (Windows 10)"},"php":{"version":"8.2.12"},"mysql":{"client_version":"mysqlnd 8.2.12","server_version":"10.4.32-MariaDB","conn_type":"localhost via TCP\/IP"},"server":"Apache\/2.4.58 (Win64) OpenSSL\/3.1.3 PHP\/8.2.12","ohrm":{"version":"5.7"}} [] []
[2024-10-03T08:30:31.061602+02:00] installer.INFO: set_time_limit: success [] []
[2024-10-03T08:30:31.412058+02:00] installer.INFO: Matched route "{route}". {"route":"api_installer_migration","route_parameters":{"_controller":"OrangeHRM\\Installer\\Controller\\Installer\\Api\\MigrationAPI::handle","_route":"api_installer_migration"},"request_uri":"http://localhost:9080/orangehrm-5.7/installer/index.php/installer/api/installation/migration","method":"POST"} []
[2024-10-03T08:30:31.429404+02:00] installer.INFO: {"version":"4.8"} [] []
[2024-10-03T08:30:31.500312+02:00] installer.INFO: Instance details: {"os":{"os":"Windows NT","release_name":"10.0","version_info":"build 19045 (Windows 10)"},"php":{"version":"8.2.12"},"mysql":{"client_version":"mysqlnd 8.2.12","server_version":"10.4.32-MariaDB","conn_type":"localhost via TCP\/IP"},"server":"Apache\/2.4.58 (Win64) OpenSSL\/3.1.3 PHP\/8.2.12","ohrm":{"version":"5.7"}} [] []
[2024-10-03T08:30:31.521692+02:00] installer.INFO: set_time_limit: success [] []
[2024-10-03T08:30:31.771383+02:00] installer.INFO: Matched route "{route}". {"route":"api_installer_migration","route_parameters":{"_controller":"OrangeHRM\\Installer\\Controller\\Installer\\Api\\MigrationAPI::handle","_route":"api_installer_migration"},"request_uri":"http://localhost:9080/orangehrm-5.7/installer/index.php/installer/api/installation/migration","method":"POST"} []
[2024-10-03T08:30:31.783636+02:00] installer.INFO: {"version":"4.9"} [] []
[2024-10-03T08:30:31.834197+02:00] installer.INFO: Instance details: {"os":{"os":"Windows NT","release_name":"10.0","version_info":"build 19045 (Windows 10)"},"php":{"version":"8.2.12"},"mysql":{"client_version":"mysqlnd 8.2.12","server_version":"10.4.32-MariaDB","conn_type":"localhost via TCP\/IP"},"server":"Apache\/2.4.58 (Win64) OpenSSL\/3.1.3 PHP\/8.2.12","ohrm":{"version":"5.7"}} [] []
[2024-10-03T08:30:31.850493+02:00] installer.INFO: set_time_limit: success [] []
[2024-10-03T08:30:32.210335+02:00] installer.INFO: Matched route "{route}". {"route":"api_installer_migration","route_parameters":{"_controller":"OrangeHRM\\Installer\\Controller\\Installer\\Api\\MigrationAPI::handle","_route":"api_installer_migration"},"request_uri":"http://localhost:9080/orangehrm-5.7/installer/index.php/installer/api/installation/migration","method":"POST"} []
[2024-10-03T08:30:32.221483+02:00] installer.INFO: {"version":"4.10"} [] []
[2024-10-03T08:30:32.281062+02:00] installer.INFO: Instance details: {"os":{"os":"Windows NT","release_name":"10.0","version_info":"build 19045 (Windows 10)"},"php":{"version":"8.2.12"},"mysql":{"client_version":"mysqlnd 8.2.12","server_version":"10.4.32-MariaDB","conn_type":"localhost via TCP\/IP"},"server":"Apache\/2.4.58 (Win64) OpenSSL\/3.1.3 PHP\/8.2.12","ohrm":{"version":"5.7"}} [] []
[2024-10-03T08:30:32.297912+02:00] installer.INFO: set_time_limit: success [] []
[2024-10-03T08:30:32.612310+02:00] installer.INFO: Matched route "{route}". {"route":"api_installer_migration","route_parameters":{"_controller":"OrangeHRM\\Installer\\Controller\\Installer\\Api\\MigrationAPI::handle","_route":"api_installer_migration"},"request_uri":"http://localhost:9080/orangehrm-5.7/installer/index.php/installer/api/installation/migration","method":"POST"} []
[2024-10-03T08:30:32.631773+02:00] installer.INFO: {"version":"4.10.1"} [] []
[2024-10-03T08:30:32.699603+02:00] installer.INFO: Instance details: {"os":{"os":"Windows NT","release_name":"10.0","version_info":"build 19045 (Windows 10)"},"php":{"version":"8.2.12"},"mysql":{"client_version":"mysqlnd 8.2.12","server_version":"10.4.32-MariaDB","conn_type":"localhost via TCP\/IP"},"server":"Apache\/2.4.58 (Win64) OpenSSL\/3.1.3 PHP\/8.2.12","ohrm":{"version":"5.7"}} [] []
[2024-10-03T08:30:32.746606+02:00] installer.INFO: set_time_limit: success [] []
[2024-10-03T08:30:33.018601+02:00] installer.INFO: Matched route "{route}". {"route":"api_installer_migration","route_parameters":{"_controller":"OrangeHRM\\Installer\\Controller\\Installer\\Api\\MigrationAPI::handle","_route":"api_installer_migration"},"request_uri":"http://localhost:9080/orangehrm-5.7/installer/index.php/installer/api/installation/migration","method":"POST"} []
[2024-10-03T08:30:33.035998+02:00] installer.INFO: {"version":"5.0"} [] []
[2024-10-03T08:30:33.093539+02:00] installer.INFO: Instance details: {"os":{"os":"Windows NT","release_name":"10.0","version_info":"build 19045 (Windows 10)"},"php":{"version":"8.2.12"},"mysql":{"client_version":"mysqlnd 8.2.12","server_version":"10.4.32-MariaDB","conn_type":"localhost via TCP\/IP"},"server":"Apache\/2.4.58 (Win64) OpenSSL\/3.1.3 PHP\/8.2.12","ohrm":{"version":"5.7"}} [] []
[2024-10-03T08:30:33.114102+02:00] installer.INFO: set_time_limit: success [] []
[2024-10-03T08:30:34.407019+02:00] installer.INFO: set_time_limit: success [] []
[2024-10-03T08:31:09.062637+02:00] installer.INFO: Matched route "{route}". {"route":"api_installer_migration","route_parameters":{"_controller":"OrangeHRM\\Installer\\Controller\\Installer\\Api\\MigrationAPI::handle","_route":"api_installer_migration"},"request_uri":"http://localhost:9080/orangehrm-5.7/installer/index.php/installer/api/installation/migration","method":"POST"} []
[2024-10-03T08:31:09.075365+02:00] installer.INFO: {"version":"5.1"} [] []
[2024-10-03T08:31:09.119546+02:00] installer.INFO: Instance details: {"os":{"os":"Windows NT","release_name":"10.0","version_info":"build 19045 (Windows 10)"},"php":{"version":"8.2.12"},"mysql":{"client_version":"mysqlnd 8.2.12","server_version":"10.4.32-MariaDB","conn_type":"localhost via TCP\/IP"},"server":"Apache\/2.4.58 (Win64) OpenSSL\/3.1.3 PHP\/8.2.12","ohrm":{"version":"5.7"}} [] []
[2024-10-03T08:31:09.137143+02:00] installer.INFO: set_time_limit: success [] []
[2024-10-03T08:31:16.250401+02:00] installer.INFO: Matched route "{route}". {"route":"api_installer_migration","route_parameters":{"_controller":"OrangeHRM\\Installer\\Controller\\Installer\\Api\\MigrationAPI::handle","_route":"api_installer_migration"},"request_uri":"http://localhost:9080/orangehrm-5.7/installer/index.php/installer/api/installation/migration","method":"POST"} []
[2024-10-03T08:31:16.264342+02:00] installer.INFO: {"version":"5.2"} [] []
[2024-10-03T08:31:16.318822+02:00] installer.INFO: Instance details: {"os":{"os":"Windows NT","release_name":"10.0","version_info":"build 19045 (Windows 10)"},"php":{"version":"8.2.12"},"mysql":{"client_version":"mysqlnd 8.2.12","server_version":"10.4.32-MariaDB","conn_type":"localhost via TCP\/IP"},"server":"Apache\/2.4.58 (Win64) OpenSSL\/3.1.3 PHP\/8.2.12","ohrm":{"version":"5.7"}} [] []
[2024-10-03T08:31:16.338793+02:00] installer.INFO: set_time_limit: success [] []
[2024-10-03T08:31:19.277872+02:00] installer.INFO: Deleting invalid config values [] []
[2024-10-03T08:31:19.319200+02:00] installer.INFO: Deleting: `https://opensourcehelp.orangehrm.com` => `` from `hs_hr_config` [] []
[2024-10-03T08:31:19.363497+02:00] installer.INFO: Deleting: `ZendeskHelpProcessor` => `` from `hs_hr_config` [] []
[2024-10-03T08:31:19.363810+02:00] installer.INFO: Deleting legacy config values [] []
[2024-10-03T08:31:19.407833+02:00] installer.INFO: Deleting: `ldap_domain_name` => `` from `hs_hr_config` [] []
[2024-10-03T08:31:19.458407+02:00] installer.INFO: Deleting: `ldap_port` => `` from `hs_hr_config` [] []
[2024-10-03T08:31:19.502164+02:00] installer.INFO: Deleting: `ldap_server` => `` from `hs_hr_config` [] []
[2024-10-03T08:31:19.550780+02:00] installer.INFO: Deleting: `ldap_status` => `` from `hs_hr_config` [] []
[2024-10-03T08:31:19.604499+02:00] installer.INFO: Deleting: `beacon.activation_acceptance_status` => `off` from `hs_hr_config` [] []
[2024-10-03T08:31:19.652858+02:00] installer.INFO: Deleting: `beacon.activiation_status` => `off` from `hs_hr_config` [] []
[2024-10-03T08:31:19.706635+02:00] installer.INFO: Deleting: `beacon.company_name` => `` from `hs_hr_config` [] []
[2024-10-03T08:31:19.755323+02:00] installer.INFO: Deleting: `beacon.flash_period` => `120` from `hs_hr_config` [] []
[2024-10-03T08:31:19.804624+02:00] installer.INFO: Deleting: `beacon.lock` => `unlocked` from `hs_hr_config` [] []
[2024-10-03T08:31:19.861195+02:00] installer.INFO: Deleting: `beacon.next_flash_time` => `0000-00-00` from `hs_hr_config` [] []
[2024-10-03T08:31:19.906508+02:00] installer.INFO: Deleting: `beacon.uuid` => `0` from `hs_hr_config` [] []
[2024-10-03T08:31:19.952205+02:00] installer.INFO: Deleting: `showSIN` => `0` from `hs_hr_config` [] []
[2024-10-03T08:31:19.998049+02:00] installer.INFO: Deleting: `showSSN` => `0` from `hs_hr_config` [] []
[2024-10-03T08:31:20.047235+02:00] installer.INFO: Deleting: `showTaxExemptions` => `0` from `hs_hr_config` [] []
[2024-10-03T08:31:20.094136+02:00] installer.INFO: Deleting: `report.mysql_group_concat_max_len` => `2048` from `hs_hr_config` [] []
[2024-10-03T08:31:20.143434+02:00] installer.INFO: Deleting: `attendanceEmpEditSubmitted` => `No` from `hs_hr_config` [] []
[2024-10-03T08:31:20.189574+02:00] installer.INFO: Deleting: `attendanceSupEditSubmitted` => `No` from `hs_hr_config` [] []
[2024-10-03T08:31:20.239726+02:00] installer.INFO: Deleting: `hsp_accrued_last_updated` => `0000-00-00` from `hs_hr_config` [] []
[2024-10-03T08:31:20.284582+02:00] installer.INFO: Deleting: `hsp_current_plan` => `0` from `hs_hr_config` [] []
[2024-10-03T08:31:20.333099+02:00] installer.INFO: Deleting: `hsp_used_last_updated` => `0000-00-00` from `hs_hr_config` [] []
[2024-10-03T08:31:20.532975+02:00] installer.INFO: Matched route "{route}". {"route":"api_installer_migration","route_parameters":{"_controller":"OrangeHRM\\Installer\\Controller\\Installer\\Api\\MigrationAPI::handle","_route":"api_installer_migration"},"request_uri":"http://localhost:9080/orangehrm-5.7/installer/index.php/installer/api/installation/migration","method":"POST"} []
[2024-10-03T08:31:20.545098+02:00] installer.INFO: {"version":"5.3"} [] []
[2024-10-03T08:31:20.596999+02:00] installer.INFO: Instance details: {"os":{"os":"Windows NT","release_name":"10.0","version_info":"build 19045 (Windows 10)"},"php":{"version":"8.2.12"},"mysql":{"client_version":"mysqlnd 8.2.12","server_version":"10.4.32-MariaDB","conn_type":"localhost via TCP\/IP"},"server":"Apache\/2.4.58 (Win64) OpenSSL\/3.1.3 PHP\/8.2.12","ohrm":{"version":"5.7"}} [] []
[2024-10-03T08:31:20.612864+02:00] installer.INFO: set_time_limit: success [] []
[2024-10-03T08:31:22.377596+02:00] installer.INFO: Server timezone: Europe/Berlin [] []
[2024-10-03T08:31:22.378652+02:00] installer.INFO: `ohrm_buzz_comment` record count: 0 [] []
[2024-10-03T08:31:22.380049+02:00] installer.INFO: `ohrm_buzz_like_on_comment` record count: 0 [] []
[2024-10-03T08:31:22.381300+02:00] installer.INFO: `ohrm_buzz_like_on_share` record count: 0 [] []
[2024-10-03T08:31:22.382601+02:00] installer.INFO: `ohrm_buzz_post` record count: 0 [] []
[2024-10-03T08:31:22.383840+02:00] installer.INFO: `ohrm_buzz_share` record count: 0 [] []
[2024-10-03T08:31:22.620930+02:00] installer.INFO: `ohrm_buzz_link` record count: 0 [] []
[2024-10-03T08:31:22.621527+02:00] installer.INFO: Deleting legacy Buzz config values [] []
[2024-10-03T08:31:22.665110+02:00] installer.INFO: Deleting: `buzz_comment_text_lenth` => `250` from `hs_hr_config` [] []
[2024-10-03T08:31:22.707649+02:00] installer.INFO: Deleting: `buzz_cookie_valid_time` => `5000` from `hs_hr_config` [] []
[2024-10-03T08:31:22.754150+02:00] installer.INFO: Deleting: `buzz_image_max_dimension` => `1024` from `hs_hr_config` [] []
[2024-10-03T08:31:22.797582+02:00] installer.INFO: Deleting: `buzz_initial_comments` => `2` from `hs_hr_config` [] []
[2024-10-03T08:31:22.842692+02:00] installer.INFO: Deleting: `buzz_like_count` => `5` from `hs_hr_config` [] []
[2024-10-03T08:31:22.923059+02:00] installer.INFO: Deleting: `buzz_max_notification_period` => `-1 week` from `hs_hr_config` [] []
[2024-10-03T08:31:22.978555+02:00] installer.INFO: Deleting: `buzz_most_like_posts` => `5` from `hs_hr_config` [] []
[2024-10-03T08:31:23.024288+02:00] installer.INFO: Deleting: `buzz_most_like_shares` => `5` from `hs_hr_config` [] []
[2024-10-03T08:31:23.073360+02:00] installer.INFO: Deleting: `buzz_post_text_lenth` => `500` from `hs_hr_config` [] []
[2024-10-03T08:31:23.123008+02:00] installer.INFO: Deleting: `buzz_post_text_lines` => `5` from `hs_hr_config` [] []
[2024-10-03T08:31:23.172935+02:00] installer.INFO: Deleting: `buzz_refresh_time` => `60000` from `hs_hr_config` [] []
[2024-10-03T08:31:23.218959+02:00] installer.INFO: Deleting: `buzz_share_count` => `10` from `hs_hr_config` [] []
[2024-10-03T08:31:23.282239+02:00] installer.INFO: Deleting: `buzz_time_format` => `h:i a` from `hs_hr_config` [] []
[2024-10-03T08:31:23.325179+02:00] installer.INFO: Deleting: `buzz_viewmore_comment` => `5` from `hs_hr_config` [] []
[2024-10-03T08:31:23.538760+02:00] installer.INFO: Matched route "{route}". {"route":"api_installer_migration","route_parameters":{"_controller":"OrangeHRM\\Installer\\Controller\\Installer\\Api\\MigrationAPI::handle","_route":"api_installer_migration"},"request_uri":"http://localhost:9080/orangehrm-5.7/installer/index.php/installer/api/installation/migration","method":"POST"} []
[2024-10-03T08:31:23.551195+02:00] installer.INFO: {"version":"5.4"} [] []
[2024-10-03T08:31:23.597438+02:00] installer.INFO: Instance details: {"os":{"os":"Windows NT","release_name":"10.0","version_info":"build 19045 (Windows 10)"},"php":{"version":"8.2.12"},"mysql":{"client_version":"mysqlnd 8.2.12","server_version":"10.4.32-MariaDB","conn_type":"localhost via TCP\/IP"},"server":"Apache\/2.4.58 (Win64) OpenSSL\/3.1.3 PHP\/8.2.12","ohrm":{"version":"5.7"}} [] []
[2024-10-03T08:31:23.610829+02:00] installer.INFO: set_time_limit: success [] []
[2024-10-03T08:31:24.302992+02:00] installer.INFO: Deleting: `authentication.default_required_password_strength` => `strong` from `hs_hr_config` [] []
[2024-10-03T08:31:24.420898+02:00] installer.INFO: Deleting: `authentication.enforce_password_strength` => `on` from `hs_hr_config` [] []
[2024-10-03T08:31:25.061747+02:00] installer.INFO: Matched route "{route}". {"route":"api_installer_migration","route_parameters":{"_controller":"OrangeHRM\\Installer\\Controller\\Installer\\Api\\MigrationAPI::handle","_route":"api_installer_migration"},"request_uri":"http://localhost:9080/orangehrm-5.7/installer/index.php/installer/api/installation/migration","method":"POST"} []
[2024-10-03T08:31:25.076338+02:00] installer.INFO: {"version":"5.5"} [] []
[2024-10-03T08:31:25.142195+02:00] installer.INFO: Instance details: {"os":{"os":"Windows NT","release_name":"10.0","version_info":"build 19045 (Windows 10)"},"php":{"version":"8.2.12"},"mysql":{"client_version":"mysqlnd 8.2.12","server_version":"10.4.32-MariaDB","conn_type":"localhost via TCP\/IP"},"server":"Apache\/2.4.58 (Win64) OpenSSL\/3.1.3 PHP\/8.2.12","ohrm":{"version":"5.7"}} [] []
[2024-10-03T08:31:25.158726+02:00] installer.INFO: set_time_limit: success [] []
[2024-10-03T08:31:26.884639+02:00] installer.INFO: Matched route "{route}". {"route":"api_installer_migration","route_parameters":{"_controller":"OrangeHRM\\Installer\\Controller\\Installer\\Api\\MigrationAPI::handle","_route":"api_installer_migration"},"request_uri":"http://localhost:9080/orangehrm-5.7/installer/index.php/installer/api/installation/migration","method":"POST"} []
[2024-10-03T08:31:26.897459+02:00] installer.INFO: {"version":"5.6"} [] []
[2024-10-03T08:31:26.941014+02:00] installer.INFO: Instance details: {"os":{"os":"Windows NT","release_name":"10.0","version_info":"build 19045 (Windows 10)"},"php":{"version":"8.2.12"},"mysql":{"client_version":"mysqlnd 8.2.12","server_version":"10.4.32-MariaDB","conn_type":"localhost via TCP\/IP"},"server":"Apache\/2.4.58 (Win64) OpenSSL\/3.1.3 PHP\/8.2.12","ohrm":{"version":"5.7"}} [] []
[2024-10-03T08:31:26.955793+02:00] installer.INFO: set_time_limit: success [] []
[2024-10-03T08:31:27.630724+02:00] installer.INFO: Matched route "{route}". {"route":"api_installer_migration","route_parameters":{"_controller":"OrangeHRM\\Installer\\Controller\\Installer\\Api\\MigrationAPI::handle","_route":"api_installer_migration"},"request_uri":"http://localhost:9080/orangehrm-5.7/installer/index.php/installer/api/installation/migration","method":"POST"} []
[2024-10-03T08:31:27.644199+02:00] installer.INFO: {"version":"5.6.1"} [] []
[2024-10-03T08:31:27.689332+02:00] installer.INFO: Instance details: {"os":{"os":"Windows NT","release_name":"10.0","version_info":"build 19045 (Windows 10)"},"php":{"version":"8.2.12"},"mysql":{"client_version":"mysqlnd 8.2.12","server_version":"10.4.32-MariaDB","conn_type":"localhost via TCP\/IP"},"server":"Apache\/2.4.58 (Win64) OpenSSL\/3.1.3 PHP\/8.2.12","ohrm":{"version":"5.7"}} [] []
[2024-10-03T08:31:27.704058+02:00] installer.INFO: set_time_limit: success [] []
[2024-10-03T08:31:27.916636+02:00] installer.INFO: Matched route "{route}". {"route":"api_installer_migration","route_parameters":{"_controller":"OrangeHRM\\Installer\\Controller\\Installer\\Api\\MigrationAPI::handle","_route":"api_installer_migration"},"request_uri":"http://localhost:9080/orangehrm-5.7/installer/index.php/installer/api/installation/migration","method":"POST"} []
[2024-10-03T08:31:27.933173+02:00] installer.INFO: {"version":"5.7"} [] []
[2024-10-03T08:31:27.980205+02:00] installer.INFO: Instance details: {"os":{"os":"Windows NT","release_name":"10.0","version_info":"build 19045 (Windows 10)"},"php":{"version":"8.2.12"},"mysql":{"client_version":"mysqlnd 8.2.12","server_version":"10.4.32-MariaDB","conn_type":"localhost via TCP\/IP"},"server":"Apache\/2.4.58 (Win64) OpenSSL\/3.1.3 PHP\/8.2.12","ohrm":{"version":"5.7"}} [] []
[2024-10-03T08:31:27.993922+02:00] installer.INFO: set_time_limit: success [] []
[2024-10-03T08:31:28.780078+02:00] installer.INFO: Matched route "{route}". {"route":"api_installer_instance_creation","route_parameters":{"_controller":"OrangeHRM\\Installer\\Controller\\Installer\\Api\\InstallationInstanceAPI::handle","_route":"api_installer_instance_creation"},"request_uri":"http://localhost:9080/orangehrm-5.7/installer/index.php/installer/api/installation/instance","method":"POST"} []
[2024-10-03T08:31:28.838772+02:00] installer.INFO: Instance details: {"os":{"os":"Windows NT","release_name":"10.0","version_info":"build 19045 (Windows 10)"},"php":{"version":"8.2.12"},"mysql":{"client_version":"mysqlnd 8.2.12","server_version":"10.4.32-MariaDB","conn_type":"localhost via TCP\/IP"},"server":"Apache\/2.4.58 (Win64) OpenSSL\/3.1.3 PHP\/8.2.12","ohrm":{"version":"5.7"}} [] []
[2024-10-03T08:31:29.478684+02:00] installer.INFO: Matched route "{route}". {"route":"api_installer_database_user","route_parameters":{"_controller":"OrangeHRM\\Installer\\Controller\\Installer\\Api\\InstallationDatabaseUserAPI::handle","_route":"api_installer_database_user"},"request_uri":"http://localhost:9080/orangehrm-5.7/installer/index.php/installer/api/installation/database-user","method":"POST"} []
[2024-10-03T08:31:29.630221+02:00] installer.INFO: Matched route "{route}". {"route":"api_installer_write_config","route_parameters":{"_controller":"OrangeHRM\\Installer\\Controller\\Installer\\Api\\ConfigFileAPI::handle","_route":"api_installer_write_config"},"request_uri":"http://localhost:9080/orangehrm-5.7/installer/index.php/installer/api/installation/config-file","method":"POST"} []
[2024-10-03T08:31:29.689914+02:00] installer.INFO: Instance details: {"os":{"os":"Windows NT","release_name":"10.0","version_info":"build 19045 (Windows 10)"},"php":{"version":"8.2.12"},"mysql":{"client_version":"mysqlnd 8.2.12","server_version":"10.4.32-MariaDB","conn_type":"localhost via TCP\/IP"},"server":"Apache\/2.4.58 (Win64) OpenSSL\/3.1.3 PHP\/8.2.12","ohrm":{"version":"5.7"}} [] []
[2024-10-03T08:31:36.663191+02:00] installer.INFO: Matched route "{route}". {"route":"installer_complete","route_parameters":{"_controller":"OrangeHRM\\Installer\\Controller\\Installer\\InstallerCompleteController::handle","_route":"installer_complete"},"request_uri":"http://localhost:9080/orangehrm-5.7/installer/index.php/installer/complete","method":"GET"} []
[2024-10-03T08:31:36.692572+02:00] installer.INFO: OrangeHRM 5.7 status: true [] []
[2024-10-03T08:31:38.463201+02:00] installer.INFO: Matched route "{route}". {"route":"installer_home","route_parameters":{"_controller":"OrangeHRM\\Installer\\Controller\\HomeController::handle","_route":"installer_home"},"request_uri":"http://localhost:9080/orangehrm-5.7/installer/index.php/","method":"GET"} []
